mode: atomic
github.com/vogo/vagents/vaga/main.go:20.13,25.22 4 0
github.com/vogo/vagents/vaga/main.go:25.22,36.3 10 0
github.com/vogo/vagents/vaga/main.go:37.2,41.32 3 0
github.com/vogo/vagents/vaga/main.go:41.32,42.25 1 0
github.com/vogo/vagents/vaga/main.go:42.25,44.4 1 0
github.com/vogo/vagents/vaga/main.go:48.2,49.16 2 0
github.com/vogo/vagents/vaga/main.go:49.16,53.3 3 0
github.com/vogo/vagents/vaga/main.go:56.2,56.28 1 0
github.com/vogo/vagents/vaga/main.go:56.28,60.78 3 0
github.com/vogo/vagents/vaga/main.go:60.78,63.4 2 0
github.com/vogo/vagents/vaga/main.go:65.3,65.61 1 0
github.com/vogo/vagents/vaga/main.go:68.2,68.21 1 0
github.com/vogo/vagents/vaga/main.go:68.21,70.3 1 0
github.com/vogo/vagents/vaga/main.go:72.2,72.23 1 0
github.com/vogo/vagents/vaga/main.go:72.23,74.3 1 0
github.com/vogo/vagents/vaga/main.go:77.2,78.16 2 0
github.com/vogo/vagents/vaga/main.go:78.16,82.3 3 0
github.com/vogo/vagents/vaga/main.go:84.2,91.16 3 0
github.com/vogo/vagents/vaga/main.go:91.16,95.3 3 0
github.com/vogo/vagents/vaga/main.go:97.2,112.18 8 0
github.com/vogo/vagents/vaga/main.go:113.14,125.40 6 0
github.com/vogo/vagents/vaga/main.go:125.40,128.4 2 0
github.com/vogo/vagents/vaga/main.go:130.3,130.39 1 0
github.com/vogo/vagents/vaga/main.go:132.10,140.38 4 0
github.com/vogo/vagents/vaga/main.go:140.38,143.4 2 0
github.com/vogo/vagents/vaga/tools/tools.go:18.63,23.25 3 3
github.com/vogo/vagents/vaga/tools/tools.go:23.25,25.3 1 2
github.com/vogo/vagents/vaga/tools/tools.go:27.2,27.30 1 3
github.com/vogo/vagents/vaga/tools/tools.go:27.30,29.3 1 1
github.com/vogo/vagents/vaga/tools/tools.go:31.2,31.60 1 3
github.com/vogo/vagents/vaga/tools/tools.go:31.60,33.3 1 0
github.com/vogo/vagents/vaga/tools/tools.go:36.2,36.47 1 3
github.com/vogo/vagents/vaga/tools/tools.go:36.47,38.3 1 0
github.com/vogo/vagents/vaga/tools/tools.go:41.2,41.48 1 3
github.com/vogo/vagents/vaga/tools/tools.go:41.48,43.3 1 0
github.com/vogo/vagents/vaga/tools/tools.go:46.2,46.47 1 3
github.com/vogo/vagents/vaga/tools/tools.go:46.47,48.3 1 0
github.com/vogo/vagents/vaga/tools/tools.go:51.2,51.47 1 3
github.com/vogo/vagents/vaga/tools/tools.go:51.47,53.3 1 0
github.com/vogo/vagents/vaga/tools/tools.go:56.2,56.47 1 3
github.com/vogo/vagents/vaga/tools/tools.go:56.47,58.3 1 0
github.com/vogo/vagents/vaga/tools/tools.go:60.2,60.17 1 3
github.com/vogo/vagents/vaga/agents/agents.go:14.120,42.2 3 3
github.com/vogo/vagents/vaga/agents/agents.go:45.110,58.2 1 3
github.com/vogo/vagents/vaga/config/config.go:16.26,18.16 2 1
github.com/vogo/vagents/vaga/config/config.go:18.16,20.3 1 0
github.com/vogo/vagents/vaga/config/config.go:22.2,22.37 1 1
github.com/vogo/vagents/vaga/config/config.go:26.27,28.2 1 1
github.com/vogo/vagents/vaga/config/config.go:73.56,77.16 3 14
github.com/vogo/vagents/vaga/config/config.go:77.16,78.38 1 2
github.com/vogo/vagents/vaga/config/config.go:78.39,80.4 0 1
github.com/vogo/vagents/vaga/config/config.go:80.9,82.4 1 1
github.com/vogo/vagents/vaga/config/config.go:83.8,84.51 1 12
github.com/vogo/vagents/vaga/config/config.go:84.51,86.4 1 0
github.com/vogo/vagents/vaga/config/config.go:90.2,90.49 1 13
github.com/vogo/vagents/vaga/config/config.go:90.49,92.3 1 1
github.com/vogo/vagents/vaga/config/config.go:94.2,94.50 1 13
github.com/vogo/vagents/vaga/config/config.go:94.50,96.3 1 1
github.com/vogo/vagents/vaga/config/config.go:98.2,98.47 1 13
github.com/vogo/vagents/vaga/config/config.go:98.47,100.3 1 1
github.com/vogo/vagents/vaga/config/config.go:102.2,102.50 1 13
github.com/vogo/vagents/vaga/config/config.go:102.50,104.3 1 1
github.com/vogo/vagents/vaga/config/config.go:106.2,106.49 1 13
github.com/vogo/vagents/vaga/config/config.go:106.49,108.3 1 1
github.com/vogo/vagents/vaga/config/config.go:110.2,110.42 1 13
github.com/vogo/vagents/vaga/config/config.go:110.42,112.3 1 1
github.com/vogo/vagents/vaga/config/config.go:114.2,116.17 2 13
github.com/vogo/vagents/vaga/config/config.go:120.35,122.2 1 2
github.com/vogo/vagents/vaga/config/config.go:126.71,134.37 4 3
github.com/vogo/vagents/vaga/config/config.go:134.37,136.3 1 1
github.com/vogo/vagents/vaga/config/config.go:138.2,146.60 3 3
github.com/vogo/vagents/vaga/config/config.go:146.60,150.3 1 2
github.com/vogo/vagents/vaga/config/config.go:150.8,153.3 1 1
github.com/vogo/vagents/vaga/config/config.go:155.2,161.24 3 3
github.com/vogo/vagents/vaga/config/config.go:165.43,166.63 1 4
github.com/vogo/vagents/vaga/config/config.go:166.63,168.3 1 0
github.com/vogo/vagents/vaga/config/config.go:170.2,171.16 2 4
github.com/vogo/vagents/vaga/config/config.go:171.16,173.3 1 0
github.com/vogo/vagents/vaga/config/config.go:175.2,175.56 1 4
github.com/vogo/vagents/vaga/config/config.go:175.56,177.3 1 0
github.com/vogo/vagents/vaga/config/config.go:179.2,179.12 1 4
github.com/vogo/vagents/vaga/config/config.go:182.33,183.20 1 16
github.com/vogo/vagents/vaga/config/config.go:183.20,185.3 1 14
github.com/vogo/vagents/vaga/config/config.go:187.2,187.27 1 16
github.com/vogo/vagents/vaga/config/config.go:187.27,189.3 1 11
github.com/vogo/vagents/vaga/config/config.go:191.2,191.35 1 16
github.com/vogo/vagents/vaga/config/config.go:191.35,193.3 1 15
github.com/vogo/vagents/vaga/config/config.go:195.2,195.32 1 16
github.com/vogo/vagents/vaga/config/config.go:195.32,197.3 1 15
github.com/vogo/vagents/vaga/config/config.go:200.2,200.60 1 16
github.com/vogo/vagents/vaga/config/config.go:200.60,201.28 1 12
github.com/vogo/vagents/vaga/config/config.go:201.28,203.4 1 10
github.com/vogo/vagents/vaga/config/config.go:207.92,209.19 2 14
github.com/vogo/vagents/vaga/config/config.go:209.19,211.3 1 0
github.com/vogo/vagents/vaga/config/config.go:213.2,213.19 1 14
github.com/vogo/vagents/vaga/config/config.go:213.19,215.3 1 11
github.com/vogo/vagents/vaga/config/config.go:215.8,217.3 1 3
github.com/vogo/vagents/vaga/config/config.go:219.2,219.20 1 14
github.com/vogo/vagents/vaga/config/config.go:219.20,220.54 1 14
github.com/vogo/vagents/vaga/config/config.go:220.54,222.4 1 8
github.com/vogo/vagents/vaga/config/config.go:225.2,225.19 1 6
github.com/vogo/vagents/vaga/config/config.go:225.19,227.3 1 0
github.com/vogo/vagents/vaga/config/config.go:229.2,229.19 1 6
github.com/vogo/vagents/vaga/config/config.go:233.59,241.22 2 4
github.com/vogo/vagents/vaga/config/config.go:241.22,243.3 1 4
github.com/vogo/vagents/vaga/config/config.go:245.2,245.23 1 4
github.com/vogo/vagents/vaga/config/config.go:245.23,247.3 1 2
github.com/vogo/vagents/vaga/config/config.go:249.2,249.22 1 4
github.com/vogo/vagents/vaga/config/config.go:250.19,251.71 1 1
github.com/vogo/vagents/vaga/config/config.go:252.20,257.24 1 2
github.com/vogo/vagents/vaga/config/config.go:257.24,259.4 1 0
github.com/vogo/vagents/vaga/config/config.go:260.10,261.102 1 1
github.com/vogo/vagents/vaga/config/config.go:264.2,264.35 1 3
github.com/vogo/vagents/vaga/cli/cli.go:49.8,57.2 1 4
github.com/vogo/vagents/vaga/cli/cli.go:60.46,71.16 5 0
github.com/vogo/vagents/vaga/cli/cli.go:71.16,73.3 1 0
github.com/vogo/vagents/vaga/cli/cli.go:73.8,74.16 1 0
github.com/vogo/vagents/vaga/cli/cli.go:74.16,74.39 1 0
github.com/vogo/vagents/vaga/cli/cli.go:75.3,75.63 1 0
github.com/vogo/vagents/vaga/cli/cli.go:79.2,88.12 6 0
github.com/vogo/vagents/vaga/cli/cli.go:95.32,95.33 0 0
github.com/vogo/vagents/vaga/cli/cli.go:98.99,100.16 2 2
github.com/vogo/vagents/vaga/cli/cli.go:100.16,102.3 1 0
github.com/vogo/vagents/vaga/cli/cli.go:104.2,105.9 2 2
github.com/vogo/vagents/vaga/cli/cli.go:105.9,107.3 1 0
github.com/vogo/vagents/vaga/cli/cli.go:109.2,109.16 1 2
github.com/vogo/vagents/vaga/cli/cli.go:137.53,163.2 13 0
github.com/vogo/vagents/vaga/cli/cli.go:166.39,169.2 2 8
github.com/vogo/vagents/vaga/cli/cli.go:171.32,173.2 1 0
github.com/vogo/vagents/vaga/cli/cli.go:175.58,178.27 2 0
github.com/vogo/vagents/vaga/cli/cli.go:179.18,180.19 1 0
github.com/vogo/vagents/vaga/cli/cli.go:181.21,182.26 1 0
github.com/vogo/vagents/vaga/cli/cli.go:183.21,184.30 1 0
github.com/vogo/vagents/vaga/cli/cli.go:184.30,186.5 1 0
github.com/vogo/vagents/vaga/cli/cli.go:189.25,195.16 6 0
github.com/vogo/vagents/vaga/cli/cli.go:197.22,198.34 1 0
github.com/vogo/vagents/vaga/cli/cli.go:200.21,201.33 1 0
github.com/vogo/vagents/vaga/cli/cli.go:203.25,204.37 1 0
github.com/vogo/vagents/vaga/cli/cli.go:206.23,207.35 1 0
github.com/vogo/vagents/vaga/cli/cli.go:207.35,211.4 3 0
github.com/vogo/vagents/vaga/cli/cli.go:215.2,215.58 1 0
github.com/vogo/vagents/vaga/cli/cli.go:215.58,217.36 2 0
github.com/vogo/vagents/vaga/cli/cli.go:217.36,219.37 2 0
github.com/vogo/vagents/vaga/cli/cli.go:219.37,226.5 5 0
github.com/vogo/vagents/vaga/cli/cli.go:228.3,229.31 2 0
github.com/vogo/vagents/vaga/cli/cli.go:233.2,233.28 1 0
github.com/vogo/vagents/vaga/cli/cli.go:233.28,237.3 3 0
github.com/vogo/vagents/vaga/cli/cli.go:240.2,244.30 4 0
github.com/vogo/vagents/vaga/cli/cli.go:247.31,255.18 4 0
github.com/vogo/vagents/vaga/cli/cli.go:256.24,259.23 3 0
github.com/vogo/vagents/vaga/cli/cli.go:260.24,261.27 1 0
github.com/vogo/vagents/vaga/cli/cli.go:261.27,264.4 2 0
github.com/vogo/vagents/vaga/cli/cli.go:265.10,266.23 1 0
github.com/vogo/vagents/vaga/cli/cli.go:270.2,272.20 2 0
github.com/vogo/vagents/vaga/cli/cli.go:276.52,277.18 1 0
github.com/vogo/vagents/vaga/cli/cli.go:278.24,279.25 1 0
github.com/vogo/vagents/vaga/cli/cli.go:279.25,281.4 1 0
github.com/vogo/vagents/vaga/cli/cli.go:282.3,285.16 4 0
github.com/vogo/vagents/vaga/cli/cli.go:286.24,288.10 1 0
github.com/vogo/vagents/vaga/cli/cli.go:289.29,289.29 0 0
github.com/vogo/vagents/vaga/cli/cli.go:290.11,290.11 0 0
github.com/vogo/vagents/vaga/cli/cli.go:292.3,292.25 1 0
github.com/vogo/vagents/vaga/cli/cli.go:292.25,294.4 1 0
github.com/vogo/vagents/vaga/cli/cli.go:295.3,300.16 6 0
github.com/vogo/vagents/vaga/cli/cli.go:301.10,303.21 2 0
github.com/vogo/vagents/vaga/cli/cli.go:308.53,310.17 2 0
github.com/vogo/vagents/vaga/cli/cli.go:310.17,312.3 1 0
github.com/vogo/vagents/vaga/cli/cli.go:314.2,314.26 1 0
github.com/vogo/vagents/vaga/cli/cli.go:314.26,316.3 1 0
github.com/vogo/vagents/vaga/cli/cli.go:318.2,341.40 10 0
github.com/vogo/vagents/vaga/cli/cli.go:345.68,346.24 1 0
github.com/vogo/vagents/vaga/cli/cli.go:346.24,355.17 3 0
github.com/vogo/vagents/vaga/cli/cli.go:355.17,357.4 1 0
github.com/vogo/vagents/vaga/cli/cli.go:360.3,361.17 2 0
github.com/vogo/vagents/vaga/cli/cli.go:361.17,363.4 1 0
github.com/vogo/vagents/vaga/cli/cli.go:366.3,366.13 1 0
github.com/vogo/vagents/vaga/cli/cli.go:366.13,367.17 1 0
github.com/vogo/vagents/vaga/cli/cli.go:367.17,367.39 1 0
github.com/vogo/vagents/vaga/cli/cli.go:369.4,369.8 1 0
github.com/vogo/vagents/vaga/cli/cli.go:369.8,371.23 2 0
github.com/vogo/vagents/vaga/cli/cli.go:371.23,372.36 1 0
github.com/vogo/vagents/vaga/cli/cli.go:372.36,374.7 1 0
github.com/vogo/vagents/vaga/cli/cli.go:374.12,376.7 1 0
github.com/vogo/vagents/vaga/cli/cli.go:378.6,378.12 1 0
github.com/vogo/vagents/vaga/cli/cli.go:381.5,381.53 1 0
github.com/vogo/vagents/vaga/cli/cli.go:385.3,385.13 1 0
github.com/vogo/vagents/vaga/cli/cli.go:390.76,393.20 2 0
github.com/vogo/vagents/vaga/cli/cli.go:394.30,395.44 1 0
github.com/vogo/vagents/vaga/cli/cli.go:397.34,398.61 1 0
github.com/vogo/vagents/vaga/cli/cli.go:398.61,400.4 1 0
github.com/vogo/vagents/vaga/cli/cli.go:402.29,403.56 1 0
github.com/vogo/vagents/vaga/cli/cli.go:403.56,406.4 2 0
github.com/vogo/vagents/vaga/cli/cli.go:408.33,409.60 1 0
github.com/vogo/vagents/vaga/cli/cli.go:409.60,411.4 1 0
github.com/vogo/vagents/vaga/cli/cli.go:413.31,414.58 1 0
github.com/vogo/vagents/vaga/cli/cli.go:414.58,416.4 1 0
github.com/vogo/vagents/vaga/cli/cli.go:418.30,419.57 1 0
github.com/vogo/vagents/vaga/cli/cli.go:419.57,421.45 2 0
github.com/vogo/vagents/vaga/cli/cli.go:421.45,422.28 1 0
github.com/vogo/vagents/vaga/cli/cli.go:422.28,425.11 2 0
github.com/vogo/vagents/vaga/cli/cli.go:428.4,428.77 1 0
github.com/vogo/vagents/vaga/cli/cli.go:431.40,432.67 1 0
github.com/vogo/vagents/vaga/cli/cli.go:432.67,434.4 1 0
github.com/vogo/vagents/vaga/cli/cli.go:436.28,438.25 1 0
github.com/vogo/vagents/vaga/cli/cli.go:438.25,441.4 2 0
github.com/vogo/vagents/vaga/cli/cli.go:443.25,444.52 1 0
github.com/vogo/vagents/vaga/cli/cli.go:444.52,446.4 1 0
github.com/vogo/vagents/vaga/cli/cli.go:449.82,449.82 0 0
github.com/vogo/vagents/vaga/cli/cli.go:453.2,453.15 1 0
github.com/vogo/vagents/vaga/cli/cli.go:457.74,458.20 1 0
github.com/vogo/vagents/vaga/cli/cli.go:458.20,460.3 1 0
github.com/vogo/vagents/vaga/cli/cli.go:463.2,463.24 1 0
github.com/vogo/vagents/vaga/cli/cli.go:463.24,469.3 2 0
github.com/vogo/vagents/vaga/cli/cli.go:471.2,475.15 4 0
github.com/vogo/vagents/vaga/cli/cli.go:479.82,500.2 5 0
github.com/vogo/vagents/vaga/cli/cli.go:503.51,506.2 2 0
github.com/vogo/vagents/vaga/cli/cli.go:509.50,515.2 1 0
github.com/vogo/vagents/vaga/cli/cli.go:518.48,524.2 1 0
github.com/vogo/vagents/vaga/cli/cli.go:527.49,533.2 1 0
github.com/vogo/vagents/vaga/cli/cli.go:537.42,540.48 2 0
github.com/vogo/vagents/vaga/cli/cli.go:540.48,541.40 1 0
github.com/vogo/vagents/vaga/cli/cli.go:541.40,545.9 3 0
github.com/vogo/vagents/vaga/cli/cli.go:549.2,549.12 1 0
github.com/vogo/vagents/vaga/cli/cli.go:549.12,555.3 1 0
github.com/vogo/vagents/vaga/cli/cli.go:557.2,557.21 1 0
github.com/vogo/vagents/vaga/cli/cli.go:561.57,563.48 1 0
github.com/vogo/vagents/vaga/cli/cli.go:563.48,564.40 1 0
github.com/vogo/vagents/vaga/cli/cli.go:564.40,569.4 3 0
github.com/vogo/vagents/vaga/cli/cli.go:573.2,577.4 1 0
github.com/vogo/vagents/vaga/cli/cli.go:582.35,585.37 2 0
github.com/vogo/vagents/vaga/cli/cli.go:585.37,586.19 1 0
github.com/vogo/vagents/vaga/cli/cli.go:587.15,588.50 1 0
github.com/vogo/vagents/vaga/cli/cli.go:589.16,591.31 2 0
github.com/vogo/vagents/vaga/cli/cli.go:592.17,593.52 1 0
github.com/vogo/vagents/vaga/cli/cli.go:594.15,595.50 1 0
github.com/vogo/vagents/vaga/cli/cli.go:596.16,597.62 1 0
github.com/vogo/vagents/vaga/cli/cli.go:600.3,600.25 1 0
github.com/vogo/vagents/vaga/cli/cli.go:603.2,604.25 2 0
github.com/vogo/vagents/vaga/cli/cli.go:608.48,613.2 1 0
github.com/vogo/vagents/vaga/cli/confirm.go:23.23,25.36 2 7
github.com/vogo/vagents/vaga/cli/confirm.go:25.36,27.3 1 7
github.com/vogo/vagents/vaga/cli/confirm.go:29.2,33.3 1 7
github.com/vogo/vagents/vaga/cli/confirm.go:37.105,38.26 1 6
github.com/vogo/vagents/vaga/cli/confirm.go:38.26,40.17 2 5
github.com/vogo/vagents/vaga/cli/confirm.go:40.17,42.4 1 2
github.com/vogo/vagents/vaga/cli/confirm.go:44.3,44.16 1 3
github.com/vogo/vagents/vaga/cli/confirm.go:44.16,46.4 1 1
github.com/vogo/vagents/vaga/cli/confirm.go:49.2,49.48 1 3
github.com/vogo/vagents/vaga/cli/confirm.go:56.85,57.28 1 2
github.com/vogo/vagents/vaga/cli/confirm.go:57.28,59.3 1 1
github.com/vogo/vagents/vaga/cli/confirm.go:61.2,61.103 1 1
github.com/vogo/vagents/vaga/cli/confirm.go:61.103,64.3 1 1
github.com/vogo/vagents/vaga/cli/render.go:20.52,21.16 1 2
github.com/vogo/vagents/vaga/cli/render.go:21.16,23.3 1 1
github.com/vogo/vagents/vaga/cli/render.go:25.2,29.16 2 2
github.com/vogo/vagents/vaga/cli/render.go:29.16,31.3 1 0
github.com/vogo/vagents/vaga/cli/render.go:33.2,34.16 2 2
github.com/vogo/vagents/vaga/cli/render.go:34.16,36.3 1 0
github.com/vogo/vagents/vaga/cli/render.go:38.2,38.36 1 2
github.com/vogo/vagents/vaga/cli/render.go:42.36,44.2 1 1
github.com/vogo/vagents/vaga/cli/render.go:47.44,49.2 1 1
github.com/vogo/vagents/vaga/cli/render.go:53.56,55.2 1 0
github.com/vogo/vagents/vaga/cli/render.go:58.46,60.2 1 1
github.com/vogo/vagents/vaga/cli/render.go:63.44,65.2 1 1
github.com/vogo/vagents/vaga/cli/render.go:68.44,69.22 1 3
github.com/vogo/vagents/vaga/cli/render.go:69.22,71.3 1 2
github.com/vogo/vagents/vaga/cli/render.go:73.2,73.27 1 1
