mode: atomic
github.com/vogo/vagents/vaga/agents/agents.go:14.117,42.2 3 3
github.com/vogo/vagents/vaga/agents/agents.go:45.110,58.2 1 3
github.com/vogo/vagents/vaga/tools/tools.go:18.63,23.25 3 3
github.com/vogo/vagents/vaga/tools/tools.go:23.25,25.3 1 2
github.com/vogo/vagents/vaga/tools/tools.go:27.2,27.30 1 3
github.com/vogo/vagents/vaga/tools/tools.go:27.30,29.3 1 1
github.com/vogo/vagents/vaga/tools/tools.go:31.2,31.60 1 3
github.com/vogo/vagents/vaga/tools/tools.go:31.60,33.3 1 0
github.com/vogo/vagents/vaga/tools/tools.go:36.2,36.47 1 3
github.com/vogo/vagents/vaga/tools/tools.go:36.47,38.3 1 0
github.com/vogo/vagents/vaga/tools/tools.go:41.2,41.48 1 3
github.com/vogo/vagents/vaga/tools/tools.go:41.48,43.3 1 0
github.com/vogo/vagents/vaga/tools/tools.go:46.2,46.47 1 3
github.com/vogo/vagents/vaga/tools/tools.go:46.47,48.3 1 0
github.com/vogo/vagents/vaga/tools/tools.go:51.2,51.47 1 3
github.com/vogo/vagents/vaga/tools/tools.go:51.47,53.3 1 0
github.com/vogo/vagents/vaga/tools/tools.go:56.2,56.47 1 3
github.com/vogo/vagents/vaga/tools/tools.go:56.47,58.3 1 0
github.com/vogo/vagents/vaga/tools/tools.go:60.2,60.17 1 3
github.com/vogo/vagents/vaga/config/config.go:16.26,18.16 2 1
github.com/vogo/vagents/vaga/config/config.go:18.16,20.3 1 0
github.com/vogo/vagents/vaga/config/config.go:22.2,22.37 1 1
github.com/vogo/vagents/vaga/config/config.go:26.27,28.2 1 1
github.com/vogo/vagents/vaga/config/config.go:66.56,70.16 3 9
github.com/vogo/vagents/vaga/config/config.go:70.16,71.38 1 2
github.com/vogo/vagents/vaga/config/config.go:71.39,73.4 0 1
github.com/vogo/vagents/vaga/config/config.go:73.9,75.4 1 1
github.com/vogo/vagents/vaga/config/config.go:76.8,77.51 1 7
github.com/vogo/vagents/vaga/config/config.go:77.51,79.4 1 0
github.com/vogo/vagents/vaga/config/config.go:83.2,83.49 1 8
github.com/vogo/vagents/vaga/config/config.go:83.49,85.3 1 1
github.com/vogo/vagents/vaga/config/config.go:87.2,87.50 1 8
github.com/vogo/vagents/vaga/config/config.go:87.50,89.3 1 1
github.com/vogo/vagents/vaga/config/config.go:91.2,91.47 1 8
github.com/vogo/vagents/vaga/config/config.go:91.47,93.3 1 1
github.com/vogo/vagents/vaga/config/config.go:95.2,95.50 1 8
github.com/vogo/vagents/vaga/config/config.go:95.50,97.3 1 1
github.com/vogo/vagents/vaga/config/config.go:99.2,99.49 1 8
github.com/vogo/vagents/vaga/config/config.go:99.49,101.3 1 1
github.com/vogo/vagents/vaga/config/config.go:103.2,105.17 2 8
github.com/vogo/vagents/vaga/config/config.go:109.35,111.2 1 2
github.com/vogo/vagents/vaga/config/config.go:115.71,123.37 4 3
github.com/vogo/vagents/vaga/config/config.go:123.37,125.3 1 1
github.com/vogo/vagents/vaga/config/config.go:127.2,135.60 3 3
github.com/vogo/vagents/vaga/config/config.go:135.60,139.3 1 2
github.com/vogo/vagents/vaga/config/config.go:139.8,142.3 1 1
github.com/vogo/vagents/vaga/config/config.go:144.2,150.24 3 3
github.com/vogo/vagents/vaga/config/config.go:154.43,155.63 1 4
github.com/vogo/vagents/vaga/config/config.go:155.63,157.3 1 0
github.com/vogo/vagents/vaga/config/config.go:159.2,160.16 2 4
github.com/vogo/vagents/vaga/config/config.go:160.16,162.3 1 0
github.com/vogo/vagents/vaga/config/config.go:164.2,164.56 1 4
github.com/vogo/vagents/vaga/config/config.go:164.56,166.3 1 0
github.com/vogo/vagents/vaga/config/config.go:168.2,168.12 1 4
github.com/vogo/vagents/vaga/config/config.go:171.33,172.27 1 11
github.com/vogo/vagents/vaga/config/config.go:172.27,174.3 1 6
github.com/vogo/vagents/vaga/config/config.go:176.2,176.35 1 11
github.com/vogo/vagents/vaga/config/config.go:176.35,178.3 1 10
github.com/vogo/vagents/vaga/config/config.go:180.2,180.32 1 11
github.com/vogo/vagents/vaga/config/config.go:180.32,182.3 1 10
github.com/vogo/vagents/vaga/config/config.go:185.2,185.60 1 11
github.com/vogo/vagents/vaga/config/config.go:185.60,186.28 1 7
github.com/vogo/vagents/vaga/config/config.go:186.28,188.4 1 5
github.com/vogo/vagents/vaga/config/config.go:192.92,194.19 2 14
github.com/vogo/vagents/vaga/config/config.go:194.19,196.3 1 0
github.com/vogo/vagents/vaga/config/config.go:198.2,198.19 1 14
github.com/vogo/vagents/vaga/config/config.go:198.19,200.3 1 11
github.com/vogo/vagents/vaga/config/config.go:200.8,202.3 1 3
github.com/vogo/vagents/vaga/config/config.go:204.2,204.20 1 14
github.com/vogo/vagents/vaga/config/config.go:204.20,205.54 1 14
github.com/vogo/vagents/vaga/config/config.go:205.54,207.4 1 8
github.com/vogo/vagents/vaga/config/config.go:210.2,210.19 1 6
github.com/vogo/vagents/vaga/config/config.go:210.19,212.3 1 0
github.com/vogo/vagents/vaga/config/config.go:214.2,214.19 1 6
github.com/vogo/vagents/vaga/config/config.go:218.59,226.22 2 4
github.com/vogo/vagents/vaga/config/config.go:226.22,228.3 1 4
github.com/vogo/vagents/vaga/config/config.go:230.2,230.23 1 4
github.com/vogo/vagents/vaga/config/config.go:230.23,232.3 1 2
github.com/vogo/vagents/vaga/config/config.go:234.2,234.22 1 4
github.com/vogo/vagents/vaga/config/config.go:235.19,236.71 1 1
github.com/vogo/vagents/vaga/config/config.go:237.20,242.24 1 2
github.com/vogo/vagents/vaga/config/config.go:242.24,244.4 1 0
github.com/vogo/vagents/vaga/config/config.go:245.10,246.102 1 1
github.com/vogo/vagents/vaga/config/config.go:249.2,249.35 1 3
github.com/vogo/vagents/vaga/main.go:18.13,22.22 3 0
github.com/vogo/vagents/vaga/main.go:22.22,32.3 9 0
github.com/vogo/vagents/vaga/main.go:33.2,37.32 3 0
github.com/vogo/vagents/vaga/main.go:37.32,38.25 1 0
github.com/vogo/vagents/vaga/main.go:38.25,40.4 1 0
github.com/vogo/vagents/vaga/main.go:44.2,45.16 2 0
github.com/vogo/vagents/vaga/main.go:45.16,49.3 3 0
github.com/vogo/vagents/vaga/main.go:52.2,52.28 1 0
github.com/vogo/vagents/vaga/main.go:52.28,56.78 3 0
github.com/vogo/vagents/vaga/main.go:56.78,59.4 2 0
github.com/vogo/vagents/vaga/main.go:61.3,61.61 1 0
github.com/vogo/vagents/vaga/main.go:64.2,64.23 1 0
github.com/vogo/vagents/vaga/main.go:64.23,66.3 1 0
github.com/vogo/vagents/vaga/main.go:69.2,70.16 2 0
github.com/vogo/vagents/vaga/main.go:70.16,74.3 3 0
github.com/vogo/vagents/vaga/main.go:76.2,83.16 3 0
github.com/vogo/vagents/vaga/main.go:83.16,87.3 3 0
github.com/vogo/vagents/vaga/main.go:89.2,114.39 12 0
github.com/vogo/vagents/vaga/main.go:114.39,117.3 2 0
github.com/vogo/vagents/vaga/main.go:119.2,119.38 1 0
